<?xml version="1.0" encoding="UTF-8"?>
<!-- Generated by org.testng.reporters.JUnitReportReporter -->
<testsuite skipped="0" hostname="DESKTOP-3GRGAE5" name="runner.testRunner2" tests="1" failures="0" timestamp="2021-12-21T20:04:30 IST" time="7.697" errors="0">
  <testcase name="runScenario" time="7.697" classname="runner.testRunner2"/>
  <system-out/>
</testsuite> <!-- runner.testRunner2 -->
