<?xml version="1.0" encoding="UTF-8"?>
<!-- Generated by org.testng.reporters.JUnitReportReporter -->
<testsuite hostname="DESKTOP-3GRGAE5" failures="0" tests="1" name="runner.testRunner2" time="6.056" errors="0" timestamp="2021-12-21T20:02:45 IST" skipped="0">
  <testcase classname="runner.testRunner2" name="runScenario" time="6.056"/>
  <system-out/>
</testsuite> <!-- runner.testRunner2 -->
