<?xml version="1.0" encoding="UTF-8"?>
<!-- Generated by org.testng.reporters.JUnitReportReporter -->
<testsuite hostname="DESKTOP-3GRGAE5" failures="0" tests="1" name="com.runner.testRunner2" time="5.973" errors="0" timestamp="2021-12-17T22:57:37 IST" skipped="0">
  <testcase classname="com.runner.testRunner2" name="runScenario" time="5.973"/>
  <system-out/>
</testsuite> <!-- com.runner.testRunner2 -->
